W (00:00:07.920) EDRV: hvc 0 nvc 0 lvc 0 V 251500 C 0 P 0 pc 4 vl_or 0 vs 25
W (00:00:08.420) EDRV: hvc 0 nvc 0 lvc 0 V 251036 C 0 P 0 pc 5 vl_or 0 vs 25
I (00:00:08.555) TDRV: Temp periodic tmr exp
W (00:00:08.558) OST: Temperature conv tmr Tmr Strtd Scsfly
W (00:00:08.920) EDRV: hvc 0 nvc 0 lvc 0 V 251036 C 0 P 0 pc 6 vl_or 0 vs 25
I (00:00:09.316) TDRV: result: -0.543000 minus_val 1
W (00:00:09.316) TDRV: B_LUT=25.625000 A_LUT=25.082001
W (00:00:09.316) TDRV: p_tmp1=25.082001 c_tmp1=25.082001 inv_cnt=0 prv_neg 0.000000
W (00:00:09.322) TDRV: p_tmp2=25.082001 c_tmp2=25.082001
W (00:00:09.327) SAC: Temp conv cb Exe
W (00:00:09.330) SAC: Scs Val = 0 Read Sts = 0
I (00:00:09.334) SAC: Thres Comparison Executed Gysr Temp State 42 Low Temp State 0
W (00:00:09.420) EDRV: hvc 0 nvc 0 lvc 0 V 251036 C 0 P 0 pc 7 vl_or 0 vs 25
W (00:00:09.920) EDRV: hvc 0 nvc 0 lvc 0 V 251036 C 0 P 0 pc 8 vl_or 0 vs 25
W (00:00:10.382) EX: TF: 0 TZ: 19800 Sys_tm:1577836810
I (00:00:10.382) EX: get time GMT= 1577817010
W (00:00:10.491) NVM: part erase scs
W (00:00:10.491) NVM: part erase restart
W (00:00:10.514) EDRV: hvc 0 nvc 0 lvc 0 V 251036 C 0 P 0 pc 9 vl_or 0 vs 25
W (00:00:10.514) NVM: esp_part_write scs
I (00:00:10.631) TDRV: Temp periodic tmr exp
W (00:00:10.631) NVM: part erase scs
W (00:00:10.631) NVM: part erase restart
W (00:00:10.654) NVM: esp_part_write scs
W (00:00:10.655) OST: Temperature conv tmr Tmr Strtd Scsfly
W (00:00:10.920) EDRV: hvc 0 nvc 0 lvc 0 V 251036 C 0 P 0 pc 10 vl_or 0 vs 25
W (00:00:11.420) EDRV: hvc 0 nvc 0 lvc 0 V 251036 C 0 P 0 pc 0 vl_or 0 vs 25
I (00:00:11.429) TDRV: result: -0.543000 minus_val 1
W (00:00:11.429) TDRV: B_LUT=25.562500 A_LUT=25.019501
W (00:00:11.430) TDRV: p_tmp1=25.082001 c_tmp1=25.019501 inv_cnt=0 prv_neg 0.000000
W (00:00:11.435) TDRV: p_tmp2=25.019501 c_tmp2=25.019501
W (00:00:11.440) SAC: Temp conv cb Exe
W (00:00:11.443) SAC: Scs Val = 0 Read Sts = 0
I (00:00:11.448) SAC: Thres Comparison Executed Gysr Temp State 42 Low Temp State 0
W (00:00:11.920) EDRV: hvc 0 nvc 0 lvc 0 V 250574 C 0 P 0 pc 1 vl_or 0 vs 25
W (00:00:12.420) EDRV: hvc 0 nvc 0 lvc 0 V 250574 C 0 P 0 pc 2 vl_or 0 vs 25
I (00:00:12.555) TDRV: Temp periodic tmr exp
W (00:00:12.558) OST: Temperature conv tmr Tmr Strtd Scsfly
W (00:00:12.920) EDRV: hvc 0 nvc 0 lvc 0 V 250574 C 0 P 0 pc 3 vl_or 0 vs 25
I (00:00:13.316) TDRV: result: -0.543000 minus_val 1
W (00:00:13.316) TDRV: B_LUT=25.562500 A_LUT=25.019501
W (00:00:13.316) TDRV: p_tmp1=25.019501 c_tmp1=25.019501 inv_cnt=0 prv_neg 0.000000
W (00:00:13.322) TDRV: p_tmp2=25.019501 c_tmp2=25.019501
W (00:00:13.327) SAC: Temp conv cb Exe
W (00:00:13.330) SAC: Scs Val = 0 Read Sts = 0
I (00:00:13.334) SAC: Thres Comparison Executed Gysr Temp State 42 Low Temp State 0
W (00:00:13.420) EDRV: hvc 0 nvc 0 lvc 0 V 250574 C 0 P 0 pc 4 vl_or 0 vs 25
W (00:00:13.920) EDRV: hvc 0 nvc 0 lvc 0 V 251036 C 0 P 0 pc 5 vl_or 0 vs 25
W (00:00:14.420) EDRV: hvc 0 nvc 0 lvc 0 V 251036 C 0 P 0 pc 6 vl_or 0 vs 25
I (00:00:14.555) TDRV: Temp periodic tmr exp
W (00:00:14.558) OST: Temperature conv tmr Tmr Strtd Scsfly
W (00:00:14.920) EDRV: hvc 0 nvc 0 lvc 0 V 251036 C 0 P 0 pc 7 vl_or 0 vs 25
I (00:00:15.316) TDRV: result: -0.543000 minus_val 1
W (00:00:15.316) TDRV: B_LUT=25.562500 A_LUT=25.019501
W (00:00:15.316) TDRV: p_tmp1=25.019501 c_tmp1=25.019501 inv_cnt=0 prv_neg 0.000000
W (00:00:15.322) TDRV: p_tmp2=25.019501 c_tmp2=25.019501
W (00:00:15.327) SAC: Temp conv cb Exe
W (00:00:15.330) SAC: Scs Val = 0 Read Sts = 0
I (00:00:15.334) SAC: Thres Comparison Executed Gysr Temp State 42 Low Temp State 0
W (00:00:15.420) EDRV: hvc 0 nvc 0 lvc 0 V 251036 C 0 P 0 pc 8 vl_or 0 vs 25
W (00:00:15.654) EX: TF: 0 TZ: 19800 Sys_tm:1577836815
I (00:00:15.654) EX: get time GMT= 1577817015
W (00:00:15.764) NVM: part erase scs
W (00:00:15.764) NVM: part erase restart
W (00:00:15.787) NVM: esp_part_write scs
W (00:00:15.913) NVM: part erase scs
W (00:00:15.913) NVM: part erase restart
W (00:00:15.936) EDRV: hvc 0 nvc 0 lvc 0 V 251036 C 0 P 0 pc 9 vl_or 0 vs 25
W (00:00:15.936) NVM: esp_part_write scs
W (00:00:16.420) EDRV: hvc 0 nvc 0 lvc 0 V 251036 C 0 P 0 pc 10 vl_or 0 vs 25
I (00:00:16.555) TDRV: Temp periodic tmr exp
W (00:00:16.558) OST: Temperature conv tmr Tmr Strtd Scsfly
W (00:00:16.920) EDRV: hvc 0 nvc 0 lvc 0 V 251036 C 0 P 0 pc 0 vl_or 0 vs 25
I (00:00:17.316) TDRV: result: -0.543000 minus_val 1
W (00:00:17.316) TDRV: B_LUT=25.562500 A_LUT=25.019501
W (00:00:17.316) TDRV: p_tmp1=25.019501 c_tmp1=25.019501 inv_cnt=0 prv_neg 0.000000
W (00:00:17.322) TDRV: p_tmp2=25.019501 c_tmp2=25.019501
W (00:00:17.327) SAC: Temp conv cb Exe
W (00:00:17.330) SAC: Scs Val = 0 Read Sts = 0
I (00:00:17.334) SAC: Thres Comparison Executed Gysr Temp State 42 Low Temp State 0
W (00:00:17.420) EDRV: hvc 0 nvc 0 lvc 0 V 251036 C 0 P 0 pc 1 vl_or 0 vs 25
W (00:00:17.920) EDRV: hvc 0 nvc 0 lvc 0 V 251036 C 0 P 0 pc 2 vl_or 0 vs 25
W (00:00:18.420) EDRV: hvc 0 nvc 0 lvc 0 V 251036 C 0 P 0 pc 3 vl_or 0 vs 25
I (00:00:18.555) TDRV: Temp periodic tmr exp
W (00:00:18.558) OST: Temperature conv tmr Tmr Strtd Scsfly
W (00:00:18.920) EDRV: hvc 0 nvc 0 lvc 0 V 251036 C 0 P 0 pc 4 vl_or 0 vs 25
I (00:00:19.316) TDRV: result: -0.543000 minus_val 1
W (00:00:19.316) TDRV: B_LUT=25.562500 A_LUT=25.019501
W (00:00:19.316) TDRV: p_tmp1=25.019501 c_tmp1=25.019501 inv_cnt=0 prv_neg 0.000000
W (00:00:19.322) TDRV: p_tmp2=25.019501 c_tmp2=25.019501
W (00:00:19.327) SAC: Temp conv cb Exe
W (00:00:19.330) SAC: Scs Val = 0 Read Sts = 0
I (00:00:19.334) SAC: Thres Comparison Executed Gysr Temp State 42 Low Temp State 0
W (00:00:19.420) EDRV: hvc 0 nvc 0 lvc 0 V 251036 C 0 P 0 pc 5 vl_or 0 vs 25
W (00:00:19.920) EDRV: hvc 0 nvc 0 lvc 0 V 251036 C 0 P 0 pc 6 vl_or 0 vs 25
W (00:00:20.420) EDRV: hvc 0 nvc 0 lvc 0 V 251036 C 0 P 0 pc 7 vl_or 0 vs 25
I (00:00:20.555) TDRV: Temp periodic tmr exp
W (00:00:20.558) OST: Temperature conv tmr Tmr Strtd Scsfly
W (00:00:20.920) EDRV: hvc 0 nvc 0 lvc 0 V 251036 C 0 P 0 pc 8 vl_or 0 vs 25
W (00:00:20.936) EX: TF: 0 TZ: 19800 Sys_tm:1577836820
I (00:00:20.936) EX: get time GMT= 1577817020
W (00:00:21.047) NVM: part erase scs
W (00:00:21.047) NVM: part erase restart
W (00:00:21.069) NVM: esp_part_write scs
W (00:00:21.183) NVM: part erase scs
W (00:00:21.183) NVM: part erase restart
W (00:00:21.206) NVM: esp_part_write scs
I (00:00:21.316) TDRV: result: -0.543000 minus_val 1
W (00:00:21.316) TDRV: B_LUT=25.562500 A_LUT=25.019501
W (00:00:21.316) TDRV: p_tmp1=25.019501 c_tmp1=25.019501 inv_cnt=0 prv_neg 0.000000
W (00:00:21.322) TDRV: p_tmp2=25.019501 c_tmp2=25.019501
W (00:00:21.327) SAC: Temp conv cb Exe
W (00:00:21.330) SAC: Scs Val = 0 Read Sts = 0
I (00:00:21.334) SAC: Thres Comparison Executed Gysr Temp State 42 Low Temp State 0
W (00:00:21.420) EDRV: hvc 0 nvc 0 lvc 0 V 251500 C 0 P 0 pc 9 vl_or 0 vs 25
W (00:00:21.920) EDRV: hvc 0 nvc 0 lvc 0 V 251500 C 0 P 0 pc 10 vl_or 0 vs 25
W (00:00:22.420) EDRV: hvc 0 nvc 0 lvc 0 V 251036 C 0 P 0 pc 0 vl_or 0 vs 25
I (00:00:22.555) TDRV: Temp periodic tmr exp
W (00:00:22.558) OST: Temperature conv tmr Tmr Strtd Scsfly
W (00:00:22.920) EDRV: hvc 0 nvc 0 lvc 0 V 251036 C 0 P 0 pc 1 vl_or 0 vs 25
I (00:00:23.316) TDRV: result: -0.543000 minus_val 1
W (00:00:23.316) TDRV: B_LUT=25.625000 A_LUT=25.082001
W (00:00:23.316) TDRV: p_tmp1=25.019501 c_tmp1=25.082001 inv_cnt=0 prv_neg 0.000000
W (00:00:23.322) TDRV: p_tmp2=25.082001 c_tmp2=25.082001
W (00:00:23.327) SAC: Temp conv cb Exe
W (00:00:23.330) SAC: Scs Val = 0 Read Sts = 0
I (00:00:23.334) SAC: Thres Comparison Executed Gysr Temp State 42 Low Temp State 0
W (00:00:23.420) EDRV: hvc 0 nvc 0 lvc 0 V 251036 C 0 P 0 pc 2 vl_or 0 vs 25
W (00:00:23.920) EDRV: hvc 0 nvc 0 lvc 0 V 251036 C 0 P 0 pc 3 vl_or 0 vs 25
W (00:00:24.420) EDRV: hvc 0 nvc 0 lvc 0 V 251500 C 0 P 0 pc 4 vl_or 0 vs 25
I (00:00:24.555) TDRV: Temp periodic tmr exp
W (00:00:24.558) OST: Temperature conv tmr Tmr Strtd Scsfly
W (00:00:24.920) EDRV: hvc 0 nvc 0 lvc 0 V 251500 C 0 P 0 pc 5 vl_or 0 vs 25
I (00:00:25.316) TDRV: result: -0.543000 minus_val 1
W (00:00:25.316) TDRV: B_LUT=25.562500 A_LUT=25.019501
W (00:00:25.316) TDRV: p_tmp1=25.082001 c_tmp1=25.019501 inv_cnt=0 prv_neg 0.000000
W (00:00:25.322) TDRV: p_tmp2=25.019501 c_tmp2=25.019501
W (00:00:25.327) SAC: Temp conv cb Exe
W (00:00:25.330) SAC: Scs Val = 0 Read Sts = 0
I (00:00:25.334) SAC: Thres Comparison Executed Gysr Temp State 42 Low Temp State 0
W (00:00:25.420) EDRV: hvc 0 nvc 0 lvc 0 V 251036 C 0 P 0 pc 6 vl_or 0 vs 25
W (00:00:25.920) EDRV: hvc 0 nvc 0 lvc 0 V 251036 C 0 P 0 pc 7 vl_or 0 vs 25
W (00:00:26.206) EX: TF: 0 TZ: 19800 Sys_tm:1577836826
I (00:00:26.206) EX: get time GMT= 1577817026
W (00:00:26.314) NVM: part erase scs
W (00:00:26.314) NVM: part erase restart
W (00:00:26.337) NVM: esp_part_write scs
W (00:00:26.451) NVM: part erase scs
W (00:00:26.451) NVM: part erase restart
W (00:00:26.474) EDRV: hvc 0 nvc 0 lvc 0 V 251036 C 0 P 0 pc 8 vl_or 0 vs 25
W (00:00:26.474) NVM: esp_part_write scs
I (00:00:26.555) TDRV: Temp periodic tmr exp
W (00:00:26.558) OST: Temperature conv tmr Tmr Strtd Scsfly
W (00:00:26.920) EDRV: hvc 0 nvc 0 lvc 0 V 251036 C 0 P 0 pc 9 vl_or 0 vs 25
I (00:00:27.316) TDRV: result: -0.543000 minus_val 1
W (00:00:27.316) TDRV: B_LUT=25.562500 A_LUT=25.019501
W (00:00:27.316) TDRV: p_tmp1=25.019501 c_tmp1=25.019501 inv_cnt=0 prv_neg 0.000000
W (00:00:27.322) TDRV: p_tmp2=25.019501 c_tmp2=25.019501
W (00:00:27.327) SAC: Temp conv cb Exe
W (00:00:27.330) SAC: Scs Val = 0 Read Sts = 0
I (00:00:27.334) SAC: Thres Comparison Executed Gysr Temp State 42 Low Temp State 0
W (00:00:27.420) EDRV: hvc 0 nvc 0 lvc 0 V 251036 C 0 P 0 pc 10 vl_or 0 vs 25
W (00:00:27.920) EDRV: hvc 0 nvc 0 lvc 0 V 251036 C 0 P 0 pc 0 vl_or 0 vs 25
W (00:00:28.420) EDRV: hvc 0 nvc 0 lvc 0 V 251036 C 0 P 0 pc 1 vl_or 0 vs 25
I (00:00:28.555) TDRV: Temp periodic tmr exp
W (00:00:28.558) OST: Temperature conv tmr Tmr Strtd Scsfly
W (00:00:28.920) EDRV: hvc 0 nvc 0 lvc 0 V 251036 C 0 P 0 pc 2 vl_or 0 vs 25
I (00:00:29.316) TDRV: result: -0.543000 minus_val 1
W (00:00:29.316) TDRV: B_LUT=25.562500 A_LUT=25.019501
W (00:00:29.316) TDRV: p_tmp1=25.019501 c_tmp1=25.019501 inv_cnt=0 prv_neg 0.000000
W (00:00:29.322) TDRV: p_tmp2=25.019501 c_tmp2=25.019501
W (00:00:29.327) SAC: Temp conv cb Exe
W (00:00:29.330) SAC: Scs Val = 0 Read Sts = 0
I (00:00:29.334) SAC: Thres Comparison Executed Gysr Temp State 42 Low Temp State 0
W (00:00:29.420) EDRV: hvc 0 nvc 0 lvc 0 V 251036 C 0 P 0 pc 3 vl_or 0 vs 25
W (00:00:29.920) EDRV: hvc 0 nvc 0 lvc 0 V 251036 C 0 P 0 pc 4 vl_or 0 vs 25
W (00:00:30.420) EDRV: hvc 0 nvc 0 lvc 0 V 251036 C 0 P 0 pc 5 vl_or 0 vs 25
I (00:00:30.555) TDRV: Temp periodic tmr exp
W (00:00:30.558) OST: Temperature conv tmr Tmr Strtd Scsfly
W (00:00:30.920) EDRV: hvc 0 nvc 0 lvc 0 V 251036 C 0 P 0 pc 6 vl_or 0 vs 25
I (00:00:31.316) TDRV: result: -0.543000 minus_val 1
W (00:00:31.316) TDRV: B_LUT=25.562500 A_LUT=25.019501
W (00:00:31.316) TDRV: p_tmp1=25.019501 c_tmp1=25.019501 inv_cnt=0 prv_neg 0.000000
W (00:00:31.322) TDRV: p_tmp2=25.019501 c_tmp2=25.019501
W (00:00:31.327) SAC: Temp conv cb Exe
W (00:00:31.330) SAC: Scs Val = 0 Read Sts = 0
I (00:00:31.334) SAC: Thres Comparison Executed Gysr Temp State 42 Low Temp State 0
W (00:00:31.420) EDRV: hvc 0 nvc 0 lvc 0 V 250574 C 0 P 0 pc 7 vl_or 0 vs 25
W (00:00:31.474) EX: TF: 0 TZ: 19800 Sys_tm:1577836831
I (00:00:31.474) EX: get time GMT= 1577817031
W (00:00:31.590) NVM: part erase scs
W (00:00:31.590) NVM: part erase restart
W (00:00:31.613) NVM: esp_part_write scs
W (00:00:31.736) NVM: part erase scs
W (00:00:31.737) NVM: part erase restart
W (00:00:31.759) NVM: esp_part_write scs
W (00:00:31.920) EDRV: hvc 0 nvc 0 lvc 0 V 251036 C 0 P 0 pc 8 vl_or 0 vs 25
W (00:00:32.420) EDRV: hvc 0 nvc 0 lvc 0 V 251036 C 0 P 0 pc 9 vl_or 0 vs 25
I (00:00:32.555) TDRV: Temp periodic tmr exp
W (00:00:32.558) OST: Temperature conv tmr Tmr Strtd Scsfly
W (00:00:32.920) EDRV: hvc 0 nvc 0 lvc 0 V 251036 C 0 P 0 pc 10 vl_or 0 vs 25
I (00:00:33.316) TDRV: result: -0.543000 minus_val 1
W (00:00:33.316) TDRV: B_LUT=25.562500 A_LUT=25.019501
W (00:00:33.316) TDRV: p_tmp1=25.019501 c_tmp1=25.019501 inv_cnt=0 prv_neg 0.000000
W (00:00:33.322) TDRV: p_tmp2=25.019501 c_tmp2=25.019501
W (00:00:33.327) SAC: Temp conv cb Exe
W (00:00:33.330) SAC: Scs Val = 0 Read Sts = 0
I (00:00:33.334) SAC: Thres Comparison Executed Gysr Temp State 42 Low Temp State 0
W (00:00:33.420) EDRV: hvc 0 nvc 0 lvc 0 V 251036 C 0 P 0 pc 0 vl_or 0 vs 25
W (00:00:33.920) EDRV: hvc 0 nvc 0 lvc 0 V 251036 C 0 P 0 pc 1 vl_or 0 vs 25
W (00:00:34.420) EDRV: hvc 0 nvc 0 lvc 0 V 251036 C 0 P 0 pc 2 vl_or 0 vs 25
I (00:00:34.555) TDRV: Temp periodic tmr exp
W (00:00:34.558) OST: Temperature conv tmr Tmr Strtd Scsfly
W (00:00:34.920) EDRV: hvc 0 nvc 0 lvc 0 V 251036 C 0 P 0 pc 3 vl_or 0 vs 25
I (00:00:35.316) TDRV: result: -0.543000 minus_val 1
W (00:00:35.316) TDRV: B_LUT=25.562500 A_LUT=25.019501
W (00:00:35.316) TDRV: p_tmp1=25.019501 c_tmp1=25.019501 inv_cnt=0 prv_neg 0.000000
W (00:00:35.322) TDRV: p_tmp2=25.019501 c_tmp2=25.019501
W (00:00:35.327) SAC: Temp conv cb Exe
W (00:00:35.330) SAC: Scs Val = 0 Read Sts = 0
I (00:00:35.334) SAC: Thres Comparison Executed Gysr Temp State 42 Low Temp State 0
W (00:00:35.420) EDRV: hvc 0 nvc 0 lvc 0 V 251036 C 0 P 0 pc 4 vl_or 0 vs 25
W (00:00:35.920) EDRV: hvc 0 nvc 0 lvc 0 V 251036 C 0 P 0 pc 5 vl_or 0 vs 25
W (00:00:36.420) EDRV: hvc 0 nvc 0 lvc 0 V 251036 C 0 P 0 pc 6 vl_or 0 vs 25
I (00:00:36.555) TDRV: Temp periodic tmr exp
W (00:00:36.558) OST: Temperature conv tmr Tmr Strtd Scsfly
W (00:00:36.759) EX: TF: 0 TZ: 19800 Sys_tm:1577836836
I (00:00:36.759) EX: get time GMT= 1577817036
W (00:00:36.875) NVM: part erase scs
W (00:00:36.875) NVM: part erase restart
W (00:00:36.898) NVM: esp_part_write scs
W (00:00:37.020) NVM: part erase scs
W (00:00:37.020) NVM: part erase restart
W (00:00:37.043) EDRV: hvc 0 nvc 0 lvc 0 V 251036 C 0 P 0 pc 7 vl_or 0 vs 25
W (00:00:37.044) NVM: esp_part_write scs
W (00:00:37.044) SMAX: Name log_server hghwtrmrk 1544
I (00:00:37.316) TDRV: result: -0.543000 minus_val 1
W (00:00:37.316) TDRV: B_LUT=25.562500 A_LUT=25.019501
W (00:00:37.316) TDRV: p_tmp1=25.019501 c_tmp1=25.019501 inv_cnt=0 prv_neg 0.000000
W (00:00:37.322) TDRV: p_tmp2=25.019501 c_tmp2=25.019501
W (00:00:37.327) SAC: Temp conv cb Exe
W (00:00:37.330) SAC: Scs Val = 0 Read Sts = 0
I (00:00:37.334) SAC: Thres Comparison Executed Gysr Temp State 42 Low Temp State 0
W (00:00:37.420) EDRV: hvc 0 nvc 0 lvc 0 V 251036 C 0 P 0 pc 8 vl_or 0 vs 25
W (00:00:37.920) EDRV: hvc 0 nvc 0 lvc 0 V 251036 C 0 P 0 pc 9 vl_or 0 vs 25
W (00:00:38.420) EDRV: hvc 0 nvc 0 lvc 0 V 251036 C 0 P 0 pc 10 vl_or 0 vs 25
I (00:00:38.555) TDRV: Temp periodic tmr exp
W (00:00:38.558) OST: Temperature conv tmr Tmr Strtd Scsfly
W (00:00:38.920) EDRV: hvc 0 nvc 0 lvc 0 V 251036 C 0 P 0 pc 0 vl_or 0 vs 25
I (00:00:39.316) TDRV: result: -0.543000 minus_val 1
W (00:00:39.316) TDRV: B_LUT=25.562500 A_LUT=25.019501
W (00:00:39.316) TDRV: p_tmp1=25.019501 c_tmp1=25.019501 inv_cnt=0 prv_neg 0.000000
W (00:00:39.322) TDRV: p_tmp2=25.019501 c_tmp2=25.019501
W (00:00:39.327) SAC: Temp conv cb Exe
W (00:00:39.330) SAC: Scs Val = 0 Read Sts = 0
I (00:00:39.334) SAC: Thres Comparison Executed Gysr Temp State 42 Low Temp State 0
W (00:00:39.420) EDRV: hvc 0 nvc 0 lvc 0 V 251036 C 0 P 0 pc 1 vl_or 0 vs 25
W (00:00:39.920) EDRV: hvc 0 nvc 0 lvc 0 V 251036 C 0 P 0 pc 2 vl_or 0 vs 25
W (00:00:40.420) EDRV: hvc 0 nvc 0 lvc 0 V 251036 C 0 P 0 pc 3 vl_or 0 vs 25
I (00:00:40.555) TDRV: Temp periodic tmr exp
W (00:00:40.558) OST: Temperature conv tmr Tmr Strtd Scsfly
W (00:00:40.920) EDRV: hvc 0 nvc 0 lvc 0 V 251036 C 0 P 0 pc 4 vl_or 0 vs 25
I (00:00:41.316) TDRV: result: -0.543000 minus_val 1
W (00:00:41.316) TDRV: B_LUT=25.562500 A_LUT=25.019501
W (00:00:41.316) TDRV: p_tmp1=25.019501 c_tmp1=25.019501 inv_cnt=0 prv_neg 0.000000
W (00:00:41.322) TDRV: p_tmp2=25.019501 c_tmp2=25.019501
W (00:00:41.327) SAC: Temp conv cb Exe
W (00:00:41.330) SAC: Scs Val = 0 Read Sts = 0
I (00:00:41.334) SAC: Thres Comparison Executed Gysr Temp State 42 Low Temp State 0
W (00:00:41.420) EDRV: hvc 0 nvc 0 lvc 0 V 251036 C 0 P 0 pc 5 vl_or 0 vs 25
W (00:00:41.920) EDRV: hvc 0 nvc 0 lvc 0 V 250574 C 0 P 0 pc 6 vl_or 0 vs 25
W (00:00:42.047) EX: TF: 0 TZ: 19800 Sys_tm:1577836842
I (00:00:42.047) EX: get time GMT= 1577817042
W (00:00:42.140) NVM: part erase scs
W (00:00:42.140) NVM: part erase restart
W (00:00:42.162) NVM: esp_part_write scs
W (00:00:42.274) NVM: part erase scs
W (00:00:42.274) NVM: part erase restart
W (00:00:42.297) NVM: esp_part_write scs
W (00:00:42.420) EDRV: hvc 0 nvc 0 lvc 0 V 250574 C 0 P 0 pc 7 vl_or 0 vs 25
I (00:00:42.555) TDRV: Temp periodic tmr exp
W (00:00:42.558) OST: Temperature conv tmr Tmr Strtd Scsfly
W (00:00:42.920) EDRV: hvc 0 nvc 0 lvc 0 V 250574 C 0 P 0 pc 8 vl_or 0 vs 25
I (00:00:43.316) TDRV: result: -0.543000 minus_val 1
W (00:00:43.316) TDRV: B_LUT=25.562500 A_LUT=25.019501
W (00:00:43.316) TDRV: p_tmp1=25.019501 c_tmp1=25.019501 inv_cnt=0 prv_neg 0.000000
W (00:00:43.322) TDRV: p_tmp2=25.019501 c_tmp2=25.019501
W (00:00:43.327) SAC: Temp conv cb Exe
W (00:00:43.330) SAC: Scs Val = 0 Read Sts = 0
I (00:00:43.334) SAC: Thres Comparison Executed Gysr Temp State 42 Low Temp State 0
W (00:00:43.420) EDRV: hvc 0 nvc 0 lvc 0 V 251036 C 0 P 0 pc 9 vl_or 0 vs 25
W (00:00:43.920) EDRV: hvc 0 nvc 0 lvc 0 V 250574 C 0 P 0 pc 10 vl_or 0 vs 25
W (00:00:44.420) EDRV: hvc 0 nvc 0 lvc 0 V 250574 C 0 P 0 pc 0 vl_or 0 vs 25
I (00:00:44.555) TDRV: Temp periodic tmr exp
W (00:00:44.558) OST: Temperature conv tmr Tmr Strtd Scsfly
W (00:00:44.920) EDRV: hvc 0 nvc 0 lvc 0 V 250574 C 0 P 0 pc 1 vl_or 0 vs 25
I (00:00:45.316) TDRV: result: -0.543000 minus_val 1
W (00:00:45.316) TDRV: B_LUT=25.562500 A_LUT=25.019501
W (00:00:45.316) TDRV: p_tmp1=25.019501 c_tmp1=25.019501 inv_cnt=0 prv_neg 0.000000
W (00:00:45.322) TDRV: p_tmp2=25.019501 c_tmp2=25.019501
W (00:00:45.327) SAC: Temp conv cb Exe
W (00:00:45.330) SAC: Scs Val = 0 Read Sts = 0
I (00:00:45.334) SAC: Thres Comparison Executed Gysr Temp State 42 Low Temp State 0
W (00:00:45.420) EDRV: hvc 0 nvc 0 lvc 0 V 251036 C 0 P 0 pc 2 vl_or 0 vs 25
W (00:00:45.920) EDRV: hvc 0 nvc 0 lvc 0 V 251036 C 0 P 0 pc 3 vl_or 0 vs 25
W (00:00:46.420) EDRV: hvc 0 nvc 0 lvc 0 V 251036 C 0 P 0 pc 4 vl_or 0 vs 25
I (00:00:46.555) TDRV: Temp periodic tmr exp
W (00:00:46.558) OST: Temperature conv tmr Tmr Strtd Scsfly
W (00:00:46.920) EDRV: hvc 0 nvc 0 lvc 0 V 250574 C 0 P 0 pc 5 vl_or 0 vs 25
W (00:00:47.297) EX: TF: 0 TZ: 19800 Sys_tm:1577836847
I (00:00:47.297) EX: get time GMT= 1577817047
W (00:00:47.388) NVM: part erase scs
W (00:00:47.388) NVM: part erase restart
W (00:00:47.411) NVM: esp_part_write scs
W (00:00:47.524) NVM: part erase scs
W (00:00:47.524) NVM: part erase restart
W (00:00:47.546) NVM: esp_part_write scs
I (00:00:47.552) TDRV: result: -0.543000 minus_val 1
W (00:00:47.552) TDRV: B_LUT=25.562500 A_LUT=25.019501
W (00:00:47.552) TDRV: p_tmp1=25.019501 c_tmp1=25.019501 inv_cnt=0 prv_neg 0.000000
W (00:00:47.558) TDRV: p_tmp2=25.019501 c_tmp2=25.019501
W (00:00:47.563) SAC: Temp conv cb Exe
W (00:00:47.566) SAC: Scs Val = 0 Read Sts = 0
I (00:00:47.570) SAC: Thres Comparison Executed Gysr Temp State 42 Low Temp State 0
W (00:00:47.597) EDRV: hvc 1 nvc 0 lvc 0 V 296431 C 0 P 0 pc 0 vl_or 0 vs 25
W (00:00:47.920) EDRV: hvc 0 nvc 0 lvc 0 V 250574 C 0 P 0 pc 1 vl_or 0 vs 25
W (00:00:48.420) EDRV: hvc 0 nvc 0 lvc 0 V 250574 C 0 P 0 pc 2 vl_or 0 vs 25
I (00:00:48.555) TDRV: Temp periodic tmr exp
W (00:00:48.558) OST: Temperature conv tmr Tmr Strtd Scsfly
W (00:00:48.920) EDRV: hvc 0 nvc 0 lvc 0 V 251036 C 0 P 0 pc 3 vl_or 0 vs 25
I (00:00:49.316) TDRV: result: -0.543000 minus_val 1
W (00:00:49.316) TDRV: B_LUT=25.562500 A_LUT=25.019501
W (00:00:49.316) TDRV: p_tmp1=25.019501 c_tmp1=25.019501 inv_cnt=0 prv_neg 0.000000
W (00:00:49.322) TDRV: p_tmp2=25.019501 c_tmp2=25.019501
W (00:00:49.327) SAC: Temp conv cb Exe
W (00:00:49.330) SAC: Scs Val = 0 Read Sts = 0
I (00:00:49.334) SAC: Thres Comparison Executed Gysr Temp State 42 Low Temp State 0
W (00:00:49.420) EDRV: hvc 0 nvc 0 lvc 0 V 251036 C 0 P 0 pc 4 vl_or 0 vs 25
W (00:00:49.920) EDRV: hvc 0 nvc 0 lvc 0 V 251036 C 0 P 0 pc 5 vl_or 0 vs 25
W (00:00:50.420) EDRV: hvc 0 nvc 0 lvc 0 V 251036 C 0 P 0 pc 6 vl_or 0 vs 25
I (00:00:50.555) TDRV: Temp periodic tmr exp
W (00:00:50.558) OST: Temperature conv tmr Tmr Strtd Scsfly
W (00:00:50.920) EDRV: hvc 0 nvc 0 lvc 0 V 250574 C 0 P 0 pc 7 vl_or 0 vs 25
I (00:00:51.316) TDRV: result: -0.543000 minus_val 1
W (00:00:51.316) TDRV: B_LUT=25.562500 A_LUT=25.019501
W (00:00:51.316) TDRV: p_tmp1=25.019501 c_tmp1=25.019501 inv_cnt=0 prv_neg 0.000000
W (00:00:51.322) TDRV: p_tmp2=25.019501 c_tmp2=25.019501
W (00:00:51.327) SAC: Temp conv cb Exe
W (00:00:51.330) SAC: Scs Val = 0 Read Sts = 0
I (00:00:51.334) SAC: Thres Comparison Executed Gysr Temp State 42 Low Temp State 0
W (00:00:51.420) EDRV: hvc 0 nvc 0 lvc 0 V 250574 C 0 P 0 pc 8 vl_or 0 vs 25
W (00:00:51.920) EDRV: hvc 0 nvc 0 lvc 0 V 250574 C 0 P 0 pc 9 vl_or 0 vs 25
W (00:00:52.420) EDRV: hvc 0 nvc 0 lvc 0 V 251036 C 0 P 0 pc 10 vl_or 0 vs 25
W (00:00:52.546) EX: TF: 0 TZ: 19800 Sys_tm:1577836852
I (00:00:52.546) EX: get time GMT= 1577817052
I (00:00:52.655) TDRV: Temp periodic tmr exp
W (00:00:52.655) NVM: part erase scs
W (00:00:52.655) NVM: part erase restart
W (00:00:52.678) NVM: esp_part_write scs
W (00:00:52.797) OST: Temperature conv tmr Tmr Strtd Scsfly
W (00:00:52.797) NVM: part erase scs
W (00:00:52.797) NVM: part erase restart
W (00:00:52.820) NVM: esp_part_write scs
W (00:00:52.920) EDRV: hvc 0 nvc 0 lvc 0 V 251036 C 0 P 0 pc 0 vl_or 0 vs 25
W (00:00:53.420) EDRV: hvc 0 nvc 0 lvc 0 V 251036 C 0 P 0 pc 1 vl_or 0 vs 25
I (00:00:53.555) TDRV: result: -0.543000 minus_val 1
W (00:00:53.555) TDRV: B_LUT=25.562500 A_LUT=25.019501
W (00:00:53.555) TDRV: p_tmp1=25.019501 c_tmp1=25.019501 inv_cnt=0 prv_neg 0.000000
W (00:00:53.561) TDRV: p_tmp2=25.019501 c_tmp2=25.019501
W (00:00:53.566) SAC: Temp conv cb Exe
W (00:00:53.569) SAC: Scs Val = 0 Read Sts = 0
I (00:00:53.573) SAC: Thres Comparison Executed Gysr Temp State 42 Low Temp State 0
W (00:00:53.920) EDRV: hvc 0 nvc 0 lvc 0 V 251036 C 0 P 0 pc 2 vl_or 0 vs 25
W (00:00:54.420) EDRV: hvc 0 nvc 0 lvc 0 V 251036 C 0 P 0 pc 3 vl_or 0 vs 25
I (00:00:54.555) TDRV: Temp periodic tmr exp
W (00:00:54.558) OST: Temperature conv tmr Tmr Strtd Scsfly
W (00:00:54.920) EDRV: hvc 0 nvc 0 lvc 0 V 251036 C 0 P 0 pc 4 vl_or 0 vs 25
I (00:00:55.316) TDRV: result: -0.543000 minus_val 1
W (00:00:55.316) TDRV: B_LUT=25.562500 A_LUT=25.019501
W (00:00:55.316) TDRV: p_tmp1=25.019501 c_tmp1=25.019501 inv_cnt=0 prv_neg 0.000000
W (00:00:55.322) TDRV: p_tmp2=25.019501 c_tmp2=25.019501
W (00:00:55.327) SAC: Temp conv cb Exe
W (00:00:55.330) SAC: Scs Val = 0 Read Sts = 0
I (00:00:55.334) SAC: Thres Comparison Executed Gysr Temp State 42 Low Temp State 0
W (00:00:55.420) EDRV: hvc 0 nvc 0 lvc 0 V 251036 C 0 P 0 pc 5 vl_or 0 vs 25
W (00:00:55.920) EDRV: hvc 0 nvc 0 lvc 0 V 250574 C 0 P 0 pc 6 vl_or 0 vs 25
W (00:00:56.420) EDRV: hvc 0 nvc 0 lvc 0 V 250574 C 0 P 0 pc 7 vl_or 0 vs 25
I (00:00:56.555) TDRV: Temp periodic tmr exp
W (00:00:56.558) OST: Temperature conv tmr Tmr Strtd Scsfly
W (00:00:56.920) EDRV: hvc 0 nvc 0 lvc 0 V 250574 C 0 P 0 pc 8 vl_or 0 vs 25
I (00:00:57.316) TDRV: result: -0.543000 minus_val 1
W (00:00:57.316) TDRV: B_LUT=25.562500 A_LUT=25.019501
W (00:00:57.316) TDRV: p_tmp1=25.019501 c_tmp1=25.019501 inv_cnt=0 prv_neg 0.000000
W (00:00:57.322) TDRV: p_tmp2=25.019501 c_tmp2=25.019501
W (00:00:57.327) SAC: Temp conv cb Exe
W (00:00:57.330) SAC: Scs Val = 0 Read Sts = 0
I (00:00:57.334) SAC: Thres Comparison Executed Gysr Temp State 42 Low Temp State 0
W (00:00:57.420) EDRV: hvc 0 nvc 0 lvc 0 V 250574 C 0 P 0 pc 9 vl_or 0 vs 25
W (00:00:57.820) EX: TF: 0 TZ: 19800 Sys_tm:1577836857
I (00:00:57.820) EX: get time GMT= 1577817057
W (00:00:57.927) NVM: part erase scs
W (00:00:57.927) NVM: part erase restart
W (00:00:57.950) NVM: esp_part_write scs
W (00:00:57.950) EDRV: hvc 0 nvc 0 lvc 0 V 250574 C 0 P 0 pc 10 vl_or 0 vs 25
W (00:00:58.064) NVM: part erase scs
W (00:00:58.064) NVM: part erase restart
W (00:00:58.087) NVM: esp_part_write scs
W (00:00:58.420) EDRV: hvc 0 nvc 0 lvc 0 V 250574 C 0 P 0 pc 0 vl_or 0 vs 25
I (00:00:58.555) TDRV: Temp periodic tmr exp
W (00:00:58.558) OST: Temperature conv tmr Tmr Strtd Scsfly
W (00:00:58.920) EDRV: hvc 0 nvc 0 lvc 0 V 250113 C 0 P 0 pc 1 vl_or 0 vs 25
I (00:00:59.316) TDRV: result: -0.543000 minus_val 1
W (00:00:59.316) TDRV: B_LUT=25.562500 A_LUT=25.019501
W (00:00:59.316) TDRV: p_tmp1=25.019501 c_tmp1=25.019501 inv_cnt=0 prv_neg 0.000000
W (00:00:59.322) TDRV: p_tmp2=25.019501 c_tmp2=25.019501
W (00:00:59.327) SAC: Temp conv cb Exe
W (00:00:59.330) SAC: Scs Val = 0 Read Sts = 0
I (00:00:59.334) SAC: Thres Comparison Executed Gysr Temp State 42 Low Temp State 0
W (00:00:59.420) EDRV: hvc 0 nvc 0 lvc 0 V 250574 C 0 P 0 pc 2 vl_or 0 vs 25
W (00:00:59.920) EDRV: hvc 0 nvc 0 lvc 0 V 250574 C 0 P 0 pc 3 vl_or 0 vs 25
W (00:01:00.420) EDRV: hvc 0 nvc 0 lvc 0 V 250574 C 0 P 0 pc 4 vl_or 0 vs 25
I (00:01:00.555) TDRV: Temp periodic tmr exp
W (00:01:00.558) OST: Temperature conv tmr Tmr Strtd Scsfly
W (00:01:00.920) EDRV: hvc 0 nvc 0 lvc 0 V 250574 C 0 P 0 pc 5 vl_or 0 vs 25
I (00:01:01.316) TDRV: result: -0.543000 minus_val 1
W (00:01:01.316) TDRV: B_LUT=25.500000 A_LUT=24.957001
W (00:01:01.316) TDRV: p_tmp1=25.019501 c_tmp1=24.957001 inv_cnt=0 prv_neg 0.000000
W (00:01:01.322) TDRV: p_tmp2=24.957001 c_tmp2=24.957001
W (00:01:01.327) SAC: Temp conv cb Exe
W (00:01:01.330) SAC: Scs Val = 0 Read Sts = 0
I (00:01:01.334) SAC: Thres Comparison Executed Gysr Temp State 42 Low Temp State 0
W (00:01:01.420) EDRV: hvc 0 nvc 0 lvc 0 V 250574 C 0 P 0 pc 6 vl_or 0 vs 25
W (00:01:01.920) EDRV: hvc 0 nvc 0 lvc 0 V 250574 C 0 P 0 pc 7 vl_or 0 vs 25
W (00:01:02.420) EDRV: hvc 0 nvc 0 lvc 0 V 250574 C 0 P 0 pc 8 vl_or 0 vs 25
I (00:01:02.555) TDRV: Temp periodic tmr exp
W (00:01:02.558) OST: Temperature conv tmr Tmr Strtd Scsfly
W (00:01:02.920) EDRV: hvc 0 nvc 0 lvc 0 V 250574 C 0 P 0 pc 9 vl_or 0 vs 25
W (00:01:03.087) EX: TF: 0 TZ: 19800 Sys_tm:1577836863
I (00:01:03.087) EX: get time GMT= 1577817063
W (00:01:03.196) NVM: part erase scs
W (00:01:03.196) NVM: part erase restart
W (00:01:03.219) NVM: esp_part_write scs
W (00:01:03.335) NVM: part erase scs
W (00:01:03.335) NVM: part erase restart
W (00:01:03.358) NVM: esp_part_write scs
I (00:01:03.365) TDRV: result: -0.543000 minus_val 1
W (00:01:03.365) TDRV: B_LUT=25.500000 A_LUT=24.957001
W (00:01:03.365) TDRV: p_tmp1=24.957001 c_tmp1=24.957001 inv_cnt=0 prv_neg 0.000000
W (00:01:03.371) TDRV: p_tmp2=24.957001 c_tmp2=24.957001
W (00:01:03.376) SAC: Temp conv cb Exe
W (00:01:03.379) SAC: Scs Val = 0 Read Sts = 0
I (00:01:03.384) SAC: Thres Comparison Executed Gysr Temp State 42 Low Temp State 0
W (00:01:03.420) EDRV: hvc 1 nvc 0 lvc 0 V 314958 C 0 P 0 pc 0 vl_or 0 vs 25
W (00:01:03.920) EDRV: hvc 0 nvc 0 lvc 0 V 250574 C 0 P 0 pc 1 vl_or 0 vs 25
W (00:01:04.420) EDRV: hvc 0 nvc 0 lvc 0 V 250574 C 0 P 0 pc 2 vl_or 0 vs 25
I (00:01:04.555) TDRV: Temp periodic tmr exp
W (00:01:04.558) OST: Temperature conv tmr Tmr Strtd Scsfly
W (00:01:04.920) EDRV: hvc 0 nvc 0 lvc 0 V 250574 C 0 P 0 pc 3 vl_or 0 vs 25
I (00:01:05.316) TDRV: result: -0.543000 minus_val 1
W (00:01:05.316) TDRV: B_LUT=25.562500 A_LUT=25.019501
W (00:01:05.316) TDRV: p_tmp1=24.957001 c_tmp1=25.019501 inv_cnt=0 prv_neg 0.000000
W (00:01:05.322) TDRV: p_tmp2=25.019501 c_tmp2=25.019501
W (00:01:05.327) SAC: Temp conv cb Exe
W (00:01:05.330) SAC: Scs Val = 0 Read Sts = 0
I (00:01:05.334) SAC: Thres Comparison Executed Gysr Temp State 42 Low Temp State 0
W (00:01:05.420) EDRV: hvc 0 nvc 0 lvc 0 V 250113 C 0 P 0 pc 4 vl_or 0 vs 25
W (00:01:05.920) EDRV: hvc 0 nvc 0 lvc 0 V 250113 C 0 P 0 pc 5 vl_or 0 vs 25
W (00:01:06.420) EDRV: hvc 0 nvc 0 lvc 0 V 250574 C 0 P 0 pc 6 vl_or 0 vs 25
I (00:01:06.555) TDRV: Temp periodic tmr exp
W (00:01:06.558) OST: Temperature conv tmr Tmr Strtd Scsfly
W (00:01:06.920) EDRV: hvc 0 nvc 0 lvc 0 V 250113 C 0 P 0 pc 7 vl_or 0 vs 25
I (00:01:07.316) TDRV: result: -0.543000 minus_val 1
W (00:01:07.316) TDRV: B_LUT=25.562500 A_LUT=25.019501
W (00:01:07.316) TDRV: p_tmp1=25.019501 c_tmp1=25.019501 inv_cnt=0 prv_neg 0.000000
W (00:01:07.322) TDRV: p_tmp2=25.019501 c_tmp2=25.019501
W (00:01:07.327) SAC: Temp conv cb Exe
W (00:01:07.330) SAC: Scs Val = 0 Read Sts = 0
I (00:01:07.334) SAC: Thres Comparison Executed Gysr Temp State 42 Low Temp State 0
W (00:01:07.420) EDRV: hvc 0 nvc 0 lvc 0 V 250113 C 0 P 0 pc 8 vl_or 0 vs 25
W (00:01:07.920) EDRV: hvc 0 nvc 0 lvc 0 V 250113 C 0 P 0 pc 9 vl_or 0 vs 25
